TN:
SF:/Users/samanthasterns/alchemy/career-track-one/lab3/lib/Schema.js
FN:4,(anonymous_0)
FN:7,(anonymous_1)
FN:10,(anonymous_2)
FN:14,(anonymous_3)
FNF:4
FNH:4
FNDA:2,(anonymous_0)
FNDA:6,(anonymous_1)
FNDA:2,(anonymous_2)
FNDA:6,(anonymous_3)
DA:1,1
DA:3,1
DA:5,2
DA:6,2
DA:7,6
DA:11,2
DA:12,2
DA:13,2
DA:15,6
DA:16,6
DA:18,2
DA:22,2
DA:23,1
DA:26,1
LF:14
LH:14
BRDA:22,0,0,1
BRDA:22,0,1,1
BRF:2
BRH:2
end_of_record
TN:
SF:/Users/samanthasterns/alchemy/career-track-one/lab3/lib/Validator.js
FN:3,(anonymous_0)
FN:10,(anonymous_1)
FNF:2
FNH:2
FNDA:8,(anonymous_0)
FNDA:12,(anonymous_1)
DA:1,2
DA:2,2
DA:4,8
DA:5,8
DA:6,8
DA:7,8
DA:11,12
DA:12,12
DA:13,10
DA:15,9
LF:10
LH:10
BRDA:12,0,0,2
BRDA:12,0,1,10
BRDA:12,1,0,12
BRDA:12,1,1,5
BRDA:13,2,0,1
BRDA:13,2,1,9
BRDA:13,3,0,10
BRDA:13,3,1,7
BRF:8
BRH:8
end_of_record
TN:
SF:/Users/samanthasterns/alchemy/career-track-one/lab3/lib/types.js
FN:1,(anonymous_0)
FN:2,(anonymous_1)
FN:3,(anonymous_2)
FN:4,(anonymous_3)
FN:5,(anonymous_4)
FN:6,(anonymous_5)
FN:8,(anonymous_6)
FN:16,(anonymous_7)
FN:23,(anonymous_8)
FN:30,(anonymous_9)
FN:30,(anonymous_10)
FN:39,(anonymous_11)
FN:53,(anonymous_12)
FNF:13
FNH:13
FNDA:19,(anonymous_0)
FNDA:26,(anonymous_1)
FNDA:18,(anonymous_2)
FNDA:24,(anonymous_3)
FNDA:6,(anonymous_4)
FNDA:6,(anonymous_5)
FNDA:13,(anonymous_6)
FNDA:13,(anonymous_7)
FNDA:6,(anonymous_8)
FNDA:4,(anonymous_9)
FNDA:3,(anonymous_10)
FNDA:10,(anonymous_11)
FNDA:13,(anonymous_12)
DA:1,19
DA:2,26
DA:3,18
DA:4,24
DA:5,6
DA:6,6
DA:8,3
DA:9,13
DA:10,7
DA:11,5
DA:12,3
DA:13,2
DA:16,3
DA:17,13
DA:18,9
DA:19,9
DA:20,5
DA:23,3
DA:24,6
DA:25,4
DA:26,3
DA:27,2
DA:30,4
DA:31,3
DA:32,3
DA:34,2
DA:40,10
DA:41,10
DA:42,10
DA:43,10
DA:47,3
DA:53,3
DA:54,13
DA:56,12
DA:59,3
LF:35
LH:35
BRDA:5,0,0,6
BRDA:5,0,1,2
BRDA:9,1,0,6
BRDA:9,1,1,7
BRDA:10,2,0,2
BRDA:10,2,1,5
BRDA:11,3,0,2
BRDA:11,3,1,3
BRDA:12,4,0,1
BRDA:12,4,1,2
BRDA:17,5,0,4
BRDA:17,5,1,9
BRDA:19,6,0,4
BRDA:19,6,1,5
BRDA:24,7,0,2
BRDA:24,7,1,4
BRDA:25,8,0,1
BRDA:25,8,1,3
BRDA:26,9,0,1
BRDA:26,9,1,2
BRDA:54,10,0,1
BRDA:54,10,1,12
BRDA:56,11,0,12
BRDA:56,11,1,1
BRF:24
BRH:24
end_of_record
